<?xml version="1.0" encoding="UTF-8"?>
<!-- Generated by org.testng.reporters.JUnitReportReporter -->
<testsuite skipped="1" hostname="lenovo-PC" name="com.inetbanking.testCases.AddAccount" tests="2" failures="0" timestamp="18 May 2020 07:25:02 GMT" time="9.503" errors="1">
  <testcase name="setup" time="9.503" classname="com.inetbanking.testCases.AddAccount">
    <error type="org.openqa.selenium.SessionNotCreatedException" message="session not created
from chrome not reachable
  (Session info: chrome=81.0.4044.138)
Build info: version: &#039;3.141.59&#039;, revision: &#039;e82be7d358&#039;, time: &#039;2018-11-14T08:17:03&#039;
System info: host: &#039;LENOVO-PC&#039;, ip: &#039;192.168.1.6&#039;, os.name: &#039;Windows 7&#039;, os.arch: &#039;amd64&#039;, os.version: &#039;6.1&#039;, java.version: &#039;1.8.0_241&#039;
Driver info: driver.version: ChromeDriver
remote stacktrace: Backtrace:
	Ordinal0 [0x00A75F73+2449267]
	Ordinal0 [0x009A8361+1606497]
	Ordinal0 [0x0089F812+522258]
	Ordinal0 [0x008995B2+497074]
	Ordinal0 [0x0089A0B1+499889]
	Ordinal0 [0x0089ABF5+502773]
	Ordinal0 [0x00896724+485156]
	Ordinal0 [0x008A0600+525824]
	Ordinal0 [0x0084CBB9+183225]
	Ordinal0 [0x0084BF2D+180013]
	Ordinal0 [0x00849E5B+171611]
	Ordinal0 [0x00831DD8+73176]
	Ordinal0 [0x00832E50+77392]
	Ordinal0 [0x00832DE9+77289]
	Ordinal0 [0x009BD8D7+1693911]
	GetHandleVerifier [0x00B14036+522726]
	GetHandleVerifier [0x00B13D74+522020]
	GetHandleVerifier [0x00B29187+609079]
	GetHandleVerifier [0x00B148A6+524886]
	Ordinal0 [0x009B5CBC+1662140]
	Ordinal0 [0x009BF23B+1700411]
	Ordinal0 [0x009BF3A3+1700771]
	Ordinal0 [0x009D5215+1790485]
	BaseThreadInitThunk [0x74FA3677+18]
	RtlInitializeExceptionChain [0x77359D72+99]
	RtlInitializeExceptionChain [0x77359D45+54]
">
      <![CDATA[org.openqa.selenium.SessionNotCreatedException: session not created
from chrome not reachable
  (Session info: chrome=81.0.4044.138)
Build info: version: '3.141.59', revision: 'e82be7d358', time: '2018-11-14T08:17:03'
System info: host: 'LENOVO-PC', ip: '192.168.1.6', os.name: 'Windows 7', os.arch: 'amd64', os.version: '6.1', java.version: '1.8.0_241'
Driver info: driver.version: ChromeDriver
remote stacktrace: Backtrace:
Ordinal0 [0x00A75F73+2449267]
Ordinal0 [0x009A8361+1606497]
Ordinal0 [0x0089F812+522258]
Ordinal0 [0x008995B2+497074]
Ordinal0 [0x0089A0B1+499889]
Ordinal0 [0x0089ABF5+502773]
Ordinal0 [0x00896724+485156]
Ordinal0 [0x008A0600+525824]
Ordinal0 [0x0084CBB9+183225]
Ordinal0 [0x0084BF2D+180013]
Ordinal0 [0x00849E5B+171611]
Ordinal0 [0x00831DD8+73176]
Ordinal0 [0x00832E50+77392]
Ordinal0 [0x00832DE9+77289]
Ordinal0 [0x009BD8D7+1693911]
GetHandleVerifier [0x00B14036+522726]
GetHandleVerifier [0x00B13D74+522020]
GetHandleVerifier [0x00B29187+609079]
GetHandleVerifier [0x00B148A6+524886]
Ordinal0 [0x009B5CBC+1662140]
Ordinal0 [0x009BF23B+1700411]
Ordinal0 [0x009BF3A3+1700771]
Ordinal0 [0x009D5215+1790485]
BaseThreadInitThunk [0x74FA3677+18]
RtlInitializeExceptionChain [0x77359D72+99]
RtlInitializeExceptionChain [0x77359D45+54]

at sun.reflect.NativeConstructorAccessorImpl.newInstance0(Native Method)
at sun.reflect.NativeConstructorAccessorImpl.newInstance(Unknown Source)
at sun.reflect.DelegatingConstructorAccessorImpl.newInstance(Unknown Source)
at java.lang.reflect.Constructor.newInstance(Unknown Source)
at org.openqa.selenium.remote.W3CHandshakeResponse.lambda$errorHandler$0(W3CHandshakeResponse.java:62)
at org.openqa.selenium.remote.HandshakeResponse.lambda$getResponseFunction$0(HandshakeResponse.java:30)
at org.openqa.selenium.remote.ProtocolHandshake.lambda$createSession$0(ProtocolHandshake.java:126)
at java.util.stream.ReferencePipeline$3$1.accept(Unknown Source)
at java.util.Spliterators$ArraySpliterator.tryAdvance(Unknown Source)
at java.util.stream.ReferencePipeline.forEachWithCancel(Unknown Source)
at java.util.stream.AbstractPipeline.copyIntoWithCancel(Unknown Source)
at java.util.stream.AbstractPipeline.copyInto(Unknown Source)
at java.util.stream.AbstractPipeline.wrapAndCopyInto(Unknown Source)
at java.util.stream.FindOps$FindOp.evaluateSequential(Unknown Source)
at java.util.stream.AbstractPipeline.evaluate(Unknown Source)
at java.util.stream.ReferencePipeline.findFirst(Unknown Source)
at org.openqa.selenium.remote.ProtocolHandshake.createSession(ProtocolHandshake.java:128)
at org.openqa.selenium.remote.ProtocolHandshake.createSession(ProtocolHandshake.java:74)
at org.openqa.selenium.remote.HttpCommandExecutor.execute(HttpCommandExecutor.java:136)
at org.openqa.selenium.remote.service.DriverCommandExecutor.execute(DriverCommandExecutor.java:83)
at org.openqa.selenium.remote.RemoteWebDriver.execute(RemoteWebDriver.java:552)
at org.openqa.selenium.remote.RemoteWebDriver.startSession(RemoteWebDriver.java:213)
at org.openqa.selenium.remote.RemoteWebDriver.<init>(RemoteWebDriver.java:131)
at org.openqa.selenium.chrome.ChromeDriver.<init>(ChromeDriver.java:181)
at org.openqa.selenium.chrome.ChromeDriver.<init>(ChromeDriver.java:168)
at org.openqa.selenium.chrome.ChromeDriver.<init>(ChromeDriver.java:123)
at com.inetbanking.testCases.BaseTest.setup(BaseTest.java:50)
at sun.reflect.NativeMethodAccessorImpl.invoke0(Native Method)
at sun.reflect.NativeMethodAccessorImpl.invoke(Unknown Source)
at sun.reflect.DelegatingMethodAccessorImpl.invoke(Unknown Source)
at java.lang.reflect.Method.invoke(Unknown Source)
at org.testng.internal.MethodInvocationHelper.invokeMethod(MethodInvocationHelper.java:124)
at org.testng.internal.MethodInvocationHelper.invokeMethodConsideringTimeout(MethodInvocationHelper.java:59)
at org.testng.internal.Invoker.invokeConfigurationMethod(Invoker.java:458)
at org.testng.internal.Invoker.invokeConfigurations(Invoker.java:222)
at org.testng.internal.Invoker.invokeConfigurations(Invoker.java:142)
at org.testng.internal.TestMethodWorker.invokeBeforeClassMethods(TestMethodWorker.java:168)
at org.testng.internal.TestMethodWorker.run(TestMethodWorker.java:105)
at org.testng.TestRunner.privateRun(TestRunner.java:648)
at org.testng.TestRunner.run(TestRunner.java:505)
at org.testng.SuiteRunner.runTest(SuiteRunner.java:455)
at org.testng.SuiteRunner.runSequentially(SuiteRunner.java:450)
at org.testng.SuiteRunner.privateRun(SuiteRunner.java:415)
at org.testng.SuiteRunner.run(SuiteRunner.java:364)
at org.testng.SuiteRunnerWorker.runSuite(SuiteRunnerWorker.java:52)
at org.testng.SuiteRunnerWorker.run(SuiteRunnerWorker.java:84)
at org.testng.TestNG.runSuitesSequentially(TestNG.java:1208)
at org.testng.TestNG.runSuitesLocally(TestNG.java:1137)
at org.testng.TestNG.runSuites(TestNG.java:1049)
at org.testng.TestNG.run(TestNG.java:1017)
at org.testng.remote.AbstractRemoteTestNG.run(AbstractRemoteTestNG.java:114)
at org.testng.remote.RemoteTestNG.initAndRun(RemoteTestNG.java:251)
at org.testng.remote.RemoteTestNG.main(RemoteTestNG.java:77)
]]>
    </error>
  </testcase> <!-- setup -->
  <testcase name="addaccount" time="0.000" classname="com.inetbanking.testCases.AddAccount">
    <skipped/>
  </testcase> <!-- addaccount -->
</testsuite> <!-- com.inetbanking.testCases.AddAccount -->
