<html>
<head>
<title>TestNG:  LoginTest</title>
<link href="../testng.css" rel="stylesheet" type="text/css" />
<link href="../my-testng.css" rel="stylesheet" type="text/css" />

<style type="text/css">
.log { display: none;} 
.stack-trace { display: none;} 
</style>
<script type="text/javascript">
<!--
function flip(e) {
  current = e.style.display;
  if (current == 'block') {
    e.style.display = 'none';
    return 0;
  }
  else {
    e.style.display = 'block';
    return 1;
  }
}

function toggleBox(szDivId, elem, msg1, msg2)
{
  var res = -1;  if (document.getElementById) {
    res = flip(document.getElementById(szDivId));
  }
  else if (document.all) {
    // this is the way old msie versions work
    res = flip(document.all[szDivId]);
  }
  if(elem) {
    if(res == 0) elem.innerHTML = msg1; else elem.innerHTML = msg2;
  }

}

function toggleAllBoxes() {
  if (document.getElementsByTagName) {
    d = document.getElementsByTagName('div');
    for (i = 0; i < d.length; i++) {
      if (d[i].className == 'log') {
        flip(d[i]);
      }
    }
  }
}

// -->
</script>

</head>
<body>
<h2 align='center'>LoginTest</h2><table border='1' align="center">
<tr>
<td>Tests passed/Failed/Skipped:</td><td>0/0/0</td>
</tr><tr>
<td>Started on:</td><td>Fri May 22 12:11:01 IST 2020</td>
</tr>
<tr><td>Total time:</td><td>6 seconds (6713 ms)</td>
</tr><tr>
<td>Included groups:</td><td></td>
</tr><tr>
<td>Excluded groups:</td><td></td>
</tr>
</table><p/>
<small><i>(Hover the method name to see the test class name)</i></small><p/>
<table width='100%' border='1' class='invocation-failed'>
<tr><td colspan='4' align='center'><b>FAILED CONFIGURATIONS</b></td></tr>
<tr><td><b>Test method</b></td>
<td width="30%"><b>Exception</b></td>
<td width="10%"><b>Time (seconds)</b></td>
<td><b>Instance</b></td>
</tr>
<tr>
<td title='com.inetbanking.testCases.LoginTest.setup()'><b>setup</b><br>Test class: com.inetbanking.testCases.LoginTest</td>
<td><div><pre>org.openqa.selenium.SessionNotCreatedException: session not created
from disconnected: Unable to receive message from renderer
  (Session info: chrome=81.0.4044.138)
Build info: version: &apos;3.141.59&apos;, revision: &apos;e82be7d358&apos;, time: &apos;2018-11-14T08:17:03&apos;
System info: host: &apos;LENOVO-PC&apos;, ip: &apos;192.168.1.6&apos;, os.name: &apos;Windows 7&apos;, os.arch: &apos;amd64&apos;, os.version: &apos;6.1&apos;, java.version: &apos;1.8.0_241&apos;
Driver info: driver.version: ChromeDriver
remote stacktrace: Backtrace:
	Ordinal0 [0x01035F73+2449267]
	Ordinal0 [0x00F68361+1606497]
	Ordinal0 [0x00E5F969+522601]
	Ordinal0 [0x00E57695+489109]
	Ordinal0 [0x00E56C8C+486540]
	Ordinal0 [0x00E56EC5+487109]
	Ordinal0 [0x00E56905+485637]
	Ordinal0 [0x00E5E6C5+517829]
	Ordinal0 [0x00E568C2+485570]
	Ordinal0 [0x00E57329+488233]
	Ordinal0 [0x00E56C8C+486540]
	Ordinal0 [0x00E56EC5+487109]
	Ordinal0 [0x00E56905+485637]
	Ordinal0 [0x00E5CEAE+511662]
	Ordinal0 [0x00E568C2+485570]
	Ordinal0 [0x00E57329+488233]
	Ordinal0 [0x00E56C8C+486540]
	Ordinal0 [0x00E56EC5+487109]
	Ordinal0 [0x00E56905+485637]
	Ordinal0 [0x00E5B71C+505628]
	Ordinal0 [0x00E568C2+485570]
	Ordinal0 [0x00E57329+488233]
	Ordinal0 [0x00E56C8C+486540]
	Ordinal0 [0x00E56EC5+487109]
	Ordinal0 [0x00E56905+485637]
	Ordinal0 [0x00E5ADB7+503223]
	Ordinal0 [0x00E568C2+485570]
	Ordinal0 [0x00E57329+488233]
	Ordinal0 [0x00E56C8C+486540]
	Ordinal0 [0x00E56EC5+487109]
	Ordinal0 [0x00E56905+485637]
	Ordinal0 [0x00E531AC+471468]
	Ordinal0 [0x00E568C2+485570]
	Ordinal0 [0x00E56817+485399]
	Ordinal0 [0x00E60600+525824]
	Ordinal0 [0x00E0CBB9+183225]
	Ordinal0 [0x00E0BF2D+180013]
	Ordinal0 [0x00E09E5B+171611]
	Ordinal0 [0x00DF1DD8+73176]
	Ordinal0 [0x00DF2E50+77392]
	Ordinal0 [0x00DF2DE9+77289]
	Ordinal0 [0x00F7D8D7+1693911]
	GetHandleVerifier [0x010D4036+522726]
	GetHandleVerifier [0x010D3D74+522020]
	GetHandleVerifier [0x010E9187+609079]
	GetHandleVerifier [0x010D48A6+524886]
	Ordinal0 [0x00F75CBC+1662140]
	Ordinal0 [0x00F7F23B+1700411]
	Ordinal0 [0x00F7F3A3+1700771]
	Ordinal0 [0x00F95215+1790485]
	BaseThreadInitThunk [0x76EC3677+18]
	RtlInitializeExceptionChain [0x77979D72+99]
	RtlInitializeExceptionChain [0x77979D45+54]

	at org.openqa.selenium.remote.W3CHandshakeResponse.lambda$errorHandler$0(W3CHandshakeResponse.java:62)
	at org.openqa.selenium.remote.HandshakeResponse.lambda$getResponseFunction$0(HandshakeResponse.java:30)
	at org.openqa.selenium.remote.ProtocolHandshake.lambda$createSession$0(ProtocolHandshake.java:126)
	at java.util.stream.ReferencePipeline$3$1.accept(ReferencePipeline.java:193)
	at java.util.Spliterators$ArraySpliterator.tryAdvance(Spliterators.java:958)
	at java.util.stream.ReferencePipeline.forEachWithCancel(ReferencePipeline.java:126)
	at java.util.stream.AbstractPipeline.copyIntoWithCancel(AbstractPipeline.java:499)
	at java.util.stream.AbstractPipeline.copyInto(AbstractPipeline.java:486)
	at java.util.stream.AbstractPipeline.wrapAndCopyInto(AbstractPipeline.java:472)
	at java.util.stream.FindOps$FindOp.evaluateSequential(FindOps.java:152)
	at java.util.stream.AbstractPipeline.evaluate(AbstractPipeline.java:234)
	at java.util.stream.ReferencePipeline.findFirst(ReferencePipeline.java:464)
	at org.openqa.selenium.remote.ProtocolHandshake.createSession(ProtocolHandshake.java:128)
	at org.openqa.selenium.remote.ProtocolHandshake.createSession(ProtocolHandshake.java:74)
	at org.openqa.selenium.remote.HttpCommandExecutor.execute(HttpCommandExecutor.java:136)
	at org.openqa.selenium.remote.service.DriverCommandExecutor.execute(DriverCommandExecutor.java:83)
	at org.openqa.selenium.remote.RemoteWebDriver.execute(RemoteWebDriver.java:552)
	at org.openqa.selenium.remote.RemoteWebDriver.startSession(RemoteWebDriver.java:213)
	at org.openqa.selenium.remote.RemoteWebDriver.&lt;init&gt;(RemoteWebDriver.java:131)
	at org.openqa.selenium.chrome.ChromeDriver.&lt;init&gt;(ChromeDriver.java:181)
	at org.openqa.selenium.chrome.ChromeDriver.&lt;init&gt;(ChromeDriver.java:168)
	at org.openqa.selenium.chrome.ChromeDriver.&lt;init&gt;(ChromeDriver.java:123)
	at com.inetbanking.testCases.BaseTest.setup(BaseTest.java:54)
... Removed 32 stack frames</pre></div><a href='#' onClick='toggleBox("stack-trace1233595751", this, "Click to show all stack frames", "Click to hide stack frames")'>Click to show all stack frames</a>
<div class='stack-trace' id='stack-trace1233595751'><pre>org.openqa.selenium.SessionNotCreatedException: session not created
from disconnected: Unable to receive message from renderer
  (Session info: chrome=81.0.4044.138)
Build info: version: &apos;3.141.59&apos;, revision: &apos;e82be7d358&apos;, time: &apos;2018-11-14T08:17:03&apos;
System info: host: &apos;LENOVO-PC&apos;, ip: &apos;192.168.1.6&apos;, os.name: &apos;Windows 7&apos;, os.arch: &apos;amd64&apos;, os.version: &apos;6.1&apos;, java.version: &apos;1.8.0_241&apos;
Driver info: driver.version: ChromeDriver
remote stacktrace: Backtrace:
	Ordinal0 [0x01035F73+2449267]
	Ordinal0 [0x00F68361+1606497]
	Ordinal0 [0x00E5F969+522601]
	Ordinal0 [0x00E57695+489109]
	Ordinal0 [0x00E56C8C+486540]
	Ordinal0 [0x00E56EC5+487109]
	Ordinal0 [0x00E56905+485637]
	Ordinal0 [0x00E5E6C5+517829]
	Ordinal0 [0x00E568C2+485570]
	Ordinal0 [0x00E57329+488233]
	Ordinal0 [0x00E56C8C+486540]
	Ordinal0 [0x00E56EC5+487109]
	Ordinal0 [0x00E56905+485637]
	Ordinal0 [0x00E5CEAE+511662]
	Ordinal0 [0x00E568C2+485570]
	Ordinal0 [0x00E57329+488233]
	Ordinal0 [0x00E56C8C+486540]
	Ordinal0 [0x00E56EC5+487109]
	Ordinal0 [0x00E56905+485637]
	Ordinal0 [0x00E5B71C+505628]
	Ordinal0 [0x00E568C2+485570]
	Ordinal0 [0x00E57329+488233]
	Ordinal0 [0x00E56C8C+486540]
	Ordinal0 [0x00E56EC5+487109]
	Ordinal0 [0x00E56905+485637]
	Ordinal0 [0x00E5ADB7+503223]
	Ordinal0 [0x00E568C2+485570]
	Ordinal0 [0x00E57329+488233]
	Ordinal0 [0x00E56C8C+486540]
	Ordinal0 [0x00E56EC5+487109]
	Ordinal0 [0x00E56905+485637]
	Ordinal0 [0x00E531AC+471468]
	Ordinal0 [0x00E568C2+485570]
	Ordinal0 [0x00E56817+485399]
	Ordinal0 [0x00E60600+525824]
	Ordinal0 [0x00E0CBB9+183225]
	Ordinal0 [0x00E0BF2D+180013]
	Ordinal0 [0x00E09E5B+171611]
	Ordinal0 [0x00DF1DD8+73176]
	Ordinal0 [0x00DF2E50+77392]
	Ordinal0 [0x00DF2DE9+77289]
	Ordinal0 [0x00F7D8D7+1693911]
	GetHandleVerifier [0x010D4036+522726]
	GetHandleVerifier [0x010D3D74+522020]
	GetHandleVerifier [0x010E9187+609079]
	GetHandleVerifier [0x010D48A6+524886]
	Ordinal0 [0x00F75CBC+1662140]
	Ordinal0 [0x00F7F23B+1700411]
	Ordinal0 [0x00F7F3A3+1700771]
	Ordinal0 [0x00F95215+1790485]
	BaseThreadInitThunk [0x76EC3677+18]
	RtlInitializeExceptionChain [0x77979D72+99]
	RtlInitializeExceptionChain [0x77979D45+54]

	at sun.reflect.NativeConstructorAccessorImpl.newInstance0(Native Method)
	at sun.reflect.NativeConstructorAccessorImpl.newInstance(NativeConstructorAccessorImpl.java:62)
	at sun.reflect.DelegatingConstructorAccessorImpl.newInstance(DelegatingConstructorAccessorImpl.java:45)
	at java.lang.reflect.Constructor.newInstance(Constructor.java:423)
	at org.openqa.selenium.remote.W3CHandshakeResponse.lambda$errorHandler$0(W3CHandshakeResponse.java:62)
	at org.openqa.selenium.remote.HandshakeResponse.lambda$getResponseFunction$0(HandshakeResponse.java:30)
	at org.openqa.selenium.remote.ProtocolHandshake.lambda$createSession$0(ProtocolHandshake.java:126)
	at java.util.stream.ReferencePipeline$3$1.accept(ReferencePipeline.java:193)
	at java.util.Spliterators$ArraySpliterator.tryAdvance(Spliterators.java:958)
	at java.util.stream.ReferencePipeline.forEachWithCancel(ReferencePipeline.java:126)
	at java.util.stream.AbstractPipeline.copyIntoWithCancel(AbstractPipeline.java:499)
	at java.util.stream.AbstractPipeline.copyInto(AbstractPipeline.java:486)
	at java.util.stream.AbstractPipeline.wrapAndCopyInto(AbstractPipeline.java:472)
	at java.util.stream.FindOps$FindOp.evaluateSequential(FindOps.java:152)
	at java.util.stream.AbstractPipeline.evaluate(AbstractPipeline.java:234)
	at java.util.stream.ReferencePipeline.findFirst(ReferencePipeline.java:464)
	at org.openqa.selenium.remote.ProtocolHandshake.createSession(ProtocolHandshake.java:128)
	at org.openqa.selenium.remote.ProtocolHandshake.createSession(ProtocolHandshake.java:74)
	at org.openqa.selenium.remote.HttpCommandExecutor.execute(HttpCommandExecutor.java:136)
	at org.openqa.selenium.remote.service.DriverCommandExecutor.execute(DriverCommandExecutor.java:83)
	at org.openqa.selenium.remote.RemoteWebDriver.execute(RemoteWebDriver.java:552)
	at org.openqa.selenium.remote.RemoteWebDriver.startSession(RemoteWebDriver.java:213)
	at org.openqa.selenium.remote.RemoteWebDriver.&lt;init&gt;(RemoteWebDriver.java:131)
	at org.openqa.selenium.chrome.ChromeDriver.&lt;init&gt;(ChromeDriver.java:181)
	at org.openqa.selenium.chrome.ChromeDriver.&lt;init&gt;(ChromeDriver.java:168)
	at org.openqa.selenium.chrome.ChromeDriver.&lt;init&gt;(ChromeDriver.java:123)
	at com.inetbanking.testCases.BaseTest.setup(BaseTest.java:54)
	at sun.reflect.NativeMethodAccessorImpl.invoke0(Native Method)
	at sun.reflect.NativeMethodAccessorImpl.invoke(NativeMethodAccessorImpl.java:62)
	at sun.reflect.DelegatingMethodAccessorImpl.invoke(DelegatingMethodAccessorImpl.java:43)
	at java.lang.reflect.Method.invoke(Method.java:498)
	at org.testng.internal.MethodInvocationHelper.invokeMethod(MethodInvocationHelper.java:124)
	at org.testng.internal.MethodInvocationHelper.invokeMethodConsideringTimeout(MethodInvocationHelper.java:59)
	at org.testng.internal.Invoker.invokeConfigurationMethod(Invoker.java:458)
	at org.testng.internal.Invoker.invokeConfigurations(Invoker.java:222)
	at org.testng.internal.Invoker.invokeMethod(Invoker.java:523)
	at org.testng.internal.Invoker.invokeTestMethod(Invoker.java:719)
	at org.testng.internal.Invoker.invokeTestMethods(Invoker.java:989)
	at org.testng.internal.TestMethodWorker.invokeTestMethods(TestMethodWorker.java:125)
	at org.testng.internal.TestMethodWorker.run(TestMethodWorker.java:109)
	at org.testng.TestRunner.privateRun(TestRunner.java:648)
	at org.testng.TestRunner.run(TestRunner.java:505)
	at org.testng.SuiteRunner.runTest(SuiteRunner.java:455)
	at org.testng.SuiteRunner.runSequentially(SuiteRunner.java:450)
	at org.testng.SuiteRunner.privateRun(SuiteRunner.java:415)
	at org.testng.SuiteRunner.run(SuiteRunner.java:364)
	at org.testng.SuiteRunnerWorker.runSuite(SuiteRunnerWorker.java:52)
	at org.testng.SuiteRunnerWorker.run(SuiteRunnerWorker.java:84)
	at org.testng.TestNG.runSuitesSequentially(TestNG.java:1208)
	at org.testng.TestNG.runSuitesLocally(TestNG.java:1137)
	at org.testng.TestNG.runSuites(TestNG.java:1049)
	at org.testng.TestNG.run(TestNG.java:1017)
	at org.testng.remote.AbstractRemoteTestNG.run(AbstractRemoteTestNG.java:114)
	at org.testng.remote.RemoteTestNG.initAndRun(RemoteTestNG.java:251)
	at org.testng.remote.RemoteTestNG.main(RemoteTestNG.java:77)
</pre></div></td>
<td>6</td>
<td>com.inetbanking.testCases.LoginTest@365185bd</td></tr>
</table><p>
<table width='100%' border='1' class='invocation-failed'>
<tr><td colspan='4' align='center'><b>FAILED TESTS</b></td></tr>
<tr><td><b>Test method</b></td>
<td width="30%"><b>Exception</b></td>
<td width="10%"><b>Time (seconds)</b></td>
<td><b>Instance</b></td>
</tr>
<tr>
<td title='com.inetbanking.testCases.LoginTest.InvalidPasswordLogin()'><b>InvalidPasswordLogin</b><br>Test class: com.inetbanking.testCases.LoginTest</td>
<td><div><pre>java.lang.NullPointerException
	at com.inetbanking.utilities.Reporting.onTestSkipped(Reporting.java:37)
... Removed 23 stack frames</pre></div><a href='#' onClick='toggleBox("stack-trace1233327519", this, "Click to show all stack frames", "Click to hide stack frames")'>Click to show all stack frames</a>
<div class='stack-trace' id='stack-trace1233327519'><pre>java.lang.NullPointerException
	at com.inetbanking.utilities.Reporting.onTestSkipped(Reporting.java:37)
	at org.testng.internal.TestListenerHelper.runTestListeners(TestListenerHelper.java:61)
	at org.testng.internal.Invoker.runTestListeners(Invoker.java:1389)
	at org.testng.internal.Invoker.registerSkippedTestResult(Invoker.java:1063)
	at org.testng.internal.Invoker.invokeMethod(Invoker.java:529)
	at org.testng.internal.Invoker.invokeTestMethod(Invoker.java:719)
	at org.testng.internal.Invoker.invokeTestMethods(Invoker.java:989)
	at org.testng.internal.TestMethodWorker.invokeTestMethods(TestMethodWorker.java:125)
	at org.testng.internal.TestMethodWorker.run(TestMethodWorker.java:109)
	at org.testng.TestRunner.privateRun(TestRunner.java:648)
	at org.testng.TestRunner.run(TestRunner.java:505)
	at org.testng.SuiteRunner.runTest(SuiteRunner.java:455)
	at org.testng.SuiteRunner.runSequentially(SuiteRunner.java:450)
	at org.testng.SuiteRunner.privateRun(SuiteRunner.java:415)
	at org.testng.SuiteRunner.run(SuiteRunner.java:364)
	at org.testng.SuiteRunnerWorker.runSuite(SuiteRunnerWorker.java:52)
	at org.testng.SuiteRunnerWorker.run(SuiteRunnerWorker.java:84)
	at org.testng.TestNG.runSuitesSequentially(TestNG.java:1208)
	at org.testng.TestNG.runSuitesLocally(TestNG.java:1137)
	at org.testng.TestNG.runSuites(TestNG.java:1049)
	at org.testng.TestNG.run(TestNG.java:1017)
	at org.testng.remote.AbstractRemoteTestNG.run(AbstractRemoteTestNG.java:114)
	at org.testng.remote.RemoteTestNG.initAndRun(RemoteTestNG.java:251)
	at org.testng.remote.RemoteTestNG.main(RemoteTestNG.java:77)
</pre></div></td>
<td>6</td>
<td>com.inetbanking.testCases.LoginTest@365185bd</td></tr>
</table><p>
<table width='100%' border='1' class='invocation-skipped'>
<tr><td colspan='4' align='center'><b>SKIPPED TESTS</b></td></tr>
<tr><td><b>Test method</b></td>
<td width="30%"><b>Exception</b></td>
<td width="10%"><b>Time (seconds)</b></td>
<td><b>Instance</b></td>
</tr>
<tr>
<td title='com.inetbanking.testCases.LoginTest.InvalidPasswordLogin()'><b>InvalidPasswordLogin</b><br>Test class: com.inetbanking.testCases.LoginTest</td>
<td><div><pre>org.openqa.selenium.SessionNotCreatedException: session not created
from disconnected: Unable to receive message from renderer
  (Session info: chrome=81.0.4044.138)
Build info: version: &apos;3.141.59&apos;, revision: &apos;e82be7d358&apos;, time: &apos;2018-11-14T08:17:03&apos;
System info: host: &apos;LENOVO-PC&apos;, ip: &apos;192.168.1.6&apos;, os.name: &apos;Windows 7&apos;, os.arch: &apos;amd64&apos;, os.version: &apos;6.1&apos;, java.version: &apos;1.8.0_241&apos;
Driver info: driver.version: ChromeDriver
remote stacktrace: Backtrace:
	Ordinal0 [0x01035F73+2449267]
	Ordinal0 [0x00F68361+1606497]
	Ordinal0 [0x00E5F969+522601]
	Ordinal0 [0x00E57695+489109]
	Ordinal0 [0x00E56C8C+486540]
	Ordinal0 [0x00E56EC5+487109]
	Ordinal0 [0x00E56905+485637]
	Ordinal0 [0x00E5E6C5+517829]
	Ordinal0 [0x00E568C2+485570]
	Ordinal0 [0x00E57329+488233]
	Ordinal0 [0x00E56C8C+486540]
	Ordinal0 [0x00E56EC5+487109]
	Ordinal0 [0x00E56905+485637]
	Ordinal0 [0x00E5CEAE+511662]
	Ordinal0 [0x00E568C2+485570]
	Ordinal0 [0x00E57329+488233]
	Ordinal0 [0x00E56C8C+486540]
	Ordinal0 [0x00E56EC5+487109]
	Ordinal0 [0x00E56905+485637]
	Ordinal0 [0x00E5B71C+505628]
	Ordinal0 [0x00E568C2+485570]
	Ordinal0 [0x00E57329+488233]
	Ordinal0 [0x00E56C8C+486540]
	Ordinal0 [0x00E56EC5+487109]
	Ordinal0 [0x00E56905+485637]
	Ordinal0 [0x00E5ADB7+503223]
	Ordinal0 [0x00E568C2+485570]
	Ordinal0 [0x00E57329+488233]
	Ordinal0 [0x00E56C8C+486540]
	Ordinal0 [0x00E56EC5+487109]
	Ordinal0 [0x00E56905+485637]
	Ordinal0 [0x00E531AC+471468]
	Ordinal0 [0x00E568C2+485570]
	Ordinal0 [0x00E56817+485399]
	Ordinal0 [0x00E60600+525824]
	Ordinal0 [0x00E0CBB9+183225]
	Ordinal0 [0x00E0BF2D+180013]
	Ordinal0 [0x00E09E5B+171611]
	Ordinal0 [0x00DF1DD8+73176]
	Ordinal0 [0x00DF2E50+77392]
	Ordinal0 [0x00DF2DE9+77289]
	Ordinal0 [0x00F7D8D7+1693911]
	GetHandleVerifier [0x010D4036+522726]
	GetHandleVerifier [0x010D3D74+522020]
	GetHandleVerifier [0x010E9187+609079]
	GetHandleVerifier [0x010D48A6+524886]
	Ordinal0 [0x00F75CBC+1662140]
	Ordinal0 [0x00F7F23B+1700411]
	Ordinal0 [0x00F7F3A3+1700771]
	Ordinal0 [0x00F95215+1790485]
	BaseThreadInitThunk [0x76EC3677+18]
	RtlInitializeExceptionChain [0x77979D72+99]
	RtlInitializeExceptionChain [0x77979D45+54]

	at org.openqa.selenium.remote.W3CHandshakeResponse.lambda$errorHandler$0(W3CHandshakeResponse.java:62)
	at org.openqa.selenium.remote.HandshakeResponse.lambda$getResponseFunction$0(HandshakeResponse.java:30)
	at org.openqa.selenium.remote.ProtocolHandshake.lambda$createSession$0(ProtocolHandshake.java:126)
	at java.util.stream.ReferencePipeline$3$1.accept(ReferencePipeline.java:193)
	at java.util.Spliterators$ArraySpliterator.tryAdvance(Spliterators.java:958)
	at java.util.stream.ReferencePipeline.forEachWithCancel(ReferencePipeline.java:126)
	at java.util.stream.AbstractPipeline.copyIntoWithCancel(AbstractPipeline.java:499)
	at java.util.stream.AbstractPipeline.copyInto(AbstractPipeline.java:486)
	at java.util.stream.AbstractPipeline.wrapAndCopyInto(AbstractPipeline.java:472)
	at java.util.stream.FindOps$FindOp.evaluateSequential(FindOps.java:152)
	at java.util.stream.AbstractPipeline.evaluate(AbstractPipeline.java:234)
	at java.util.stream.ReferencePipeline.findFirst(ReferencePipeline.java:464)
	at org.openqa.selenium.remote.ProtocolHandshake.createSession(ProtocolHandshake.java:128)
	at org.openqa.selenium.remote.ProtocolHandshake.createSession(ProtocolHandshake.java:74)
	at org.openqa.selenium.remote.HttpCommandExecutor.execute(HttpCommandExecutor.java:136)
	at org.openqa.selenium.remote.service.DriverCommandExecutor.execute(DriverCommandExecutor.java:83)
	at org.openqa.selenium.remote.RemoteWebDriver.execute(RemoteWebDriver.java:552)
	at org.openqa.selenium.remote.RemoteWebDriver.startSession(RemoteWebDriver.java:213)
	at org.openqa.selenium.remote.RemoteWebDriver.&lt;init&gt;(RemoteWebDriver.java:131)
	at org.openqa.selenium.chrome.ChromeDriver.&lt;init&gt;(ChromeDriver.java:181)
	at org.openqa.selenium.chrome.ChromeDriver.&lt;init&gt;(ChromeDriver.java:168)
	at org.openqa.selenium.chrome.ChromeDriver.&lt;init&gt;(ChromeDriver.java:123)
	at com.inetbanking.testCases.BaseTest.setup(BaseTest.java:54)
... Removed 32 stack frames</pre></div><a href='#' onClick='toggleBox("stack-trace1155769010", this, "Click to show all stack frames", "Click to hide stack frames")'>Click to show all stack frames</a>
<div class='stack-trace' id='stack-trace1155769010'><pre>org.openqa.selenium.SessionNotCreatedException: session not created
from disconnected: Unable to receive message from renderer
  (Session info: chrome=81.0.4044.138)
Build info: version: &apos;3.141.59&apos;, revision: &apos;e82be7d358&apos;, time: &apos;2018-11-14T08:17:03&apos;
System info: host: &apos;LENOVO-PC&apos;, ip: &apos;192.168.1.6&apos;, os.name: &apos;Windows 7&apos;, os.arch: &apos;amd64&apos;, os.version: &apos;6.1&apos;, java.version: &apos;1.8.0_241&apos;
Driver info: driver.version: ChromeDriver
remote stacktrace: Backtrace:
	Ordinal0 [0x01035F73+2449267]
	Ordinal0 [0x00F68361+1606497]
	Ordinal0 [0x00E5F969+522601]
	Ordinal0 [0x00E57695+489109]
	Ordinal0 [0x00E56C8C+486540]
	Ordinal0 [0x00E56EC5+487109]
	Ordinal0 [0x00E56905+485637]
	Ordinal0 [0x00E5E6C5+517829]
	Ordinal0 [0x00E568C2+485570]
	Ordinal0 [0x00E57329+488233]
	Ordinal0 [0x00E56C8C+486540]
	Ordinal0 [0x00E56EC5+487109]
	Ordinal0 [0x00E56905+485637]
	Ordinal0 [0x00E5CEAE+511662]
	Ordinal0 [0x00E568C2+485570]
	Ordinal0 [0x00E57329+488233]
	Ordinal0 [0x00E56C8C+486540]
	Ordinal0 [0x00E56EC5+487109]
	Ordinal0 [0x00E56905+485637]
	Ordinal0 [0x00E5B71C+505628]
	Ordinal0 [0x00E568C2+485570]
	Ordinal0 [0x00E57329+488233]
	Ordinal0 [0x00E56C8C+486540]
	Ordinal0 [0x00E56EC5+487109]
	Ordinal0 [0x00E56905+485637]
	Ordinal0 [0x00E5ADB7+503223]
	Ordinal0 [0x00E568C2+485570]
	Ordinal0 [0x00E57329+488233]
	Ordinal0 [0x00E56C8C+486540]
	Ordinal0 [0x00E56EC5+487109]
	Ordinal0 [0x00E56905+485637]
	Ordinal0 [0x00E531AC+471468]
	Ordinal0 [0x00E568C2+485570]
	Ordinal0 [0x00E56817+485399]
	Ordinal0 [0x00E60600+525824]
	Ordinal0 [0x00E0CBB9+183225]
	Ordinal0 [0x00E0BF2D+180013]
	Ordinal0 [0x00E09E5B+171611]
	Ordinal0 [0x00DF1DD8+73176]
	Ordinal0 [0x00DF2E50+77392]
	Ordinal0 [0x00DF2DE9+77289]
	Ordinal0 [0x00F7D8D7+1693911]
	GetHandleVerifier [0x010D4036+522726]
	GetHandleVerifier [0x010D3D74+522020]
	GetHandleVerifier [0x010E9187+609079]
	GetHandleVerifier [0x010D48A6+524886]
	Ordinal0 [0x00F75CBC+1662140]
	Ordinal0 [0x00F7F23B+1700411]
	Ordinal0 [0x00F7F3A3+1700771]
	Ordinal0 [0x00F95215+1790485]
	BaseThreadInitThunk [0x76EC3677+18]
	RtlInitializeExceptionChain [0x77979D72+99]
	RtlInitializeExceptionChain [0x77979D45+54]

	at sun.reflect.NativeConstructorAccessorImpl.newInstance0(Native Method)
	at sun.reflect.NativeConstructorAccessorImpl.newInstance(NativeConstructorAccessorImpl.java:62)
	at sun.reflect.DelegatingConstructorAccessorImpl.newInstance(DelegatingConstructorAccessorImpl.java:45)
	at java.lang.reflect.Constructor.newInstance(Constructor.java:423)
	at org.openqa.selenium.remote.W3CHandshakeResponse.lambda$errorHandler$0(W3CHandshakeResponse.java:62)
	at org.openqa.selenium.remote.HandshakeResponse.lambda$getResponseFunction$0(HandshakeResponse.java:30)
	at org.openqa.selenium.remote.ProtocolHandshake.lambda$createSession$0(ProtocolHandshake.java:126)
	at java.util.stream.ReferencePipeline$3$1.accept(ReferencePipeline.java:193)
	at java.util.Spliterators$ArraySpliterator.tryAdvance(Spliterators.java:958)
	at java.util.stream.ReferencePipeline.forEachWithCancel(ReferencePipeline.java:126)
	at java.util.stream.AbstractPipeline.copyIntoWithCancel(AbstractPipeline.java:499)
	at java.util.stream.AbstractPipeline.copyInto(AbstractPipeline.java:486)
	at java.util.stream.AbstractPipeline.wrapAndCopyInto(AbstractPipeline.java:472)
	at java.util.stream.FindOps$FindOp.evaluateSequential(FindOps.java:152)
	at java.util.stream.AbstractPipeline.evaluate(AbstractPipeline.java:234)
	at java.util.stream.ReferencePipeline.findFirst(ReferencePipeline.java:464)
	at org.openqa.selenium.remote.ProtocolHandshake.createSession(ProtocolHandshake.java:128)
	at org.openqa.selenium.remote.ProtocolHandshake.createSession(ProtocolHandshake.java:74)
	at org.openqa.selenium.remote.HttpCommandExecutor.execute(HttpCommandExecutor.java:136)
	at org.openqa.selenium.remote.service.DriverCommandExecutor.execute(DriverCommandExecutor.java:83)
	at org.openqa.selenium.remote.RemoteWebDriver.execute(RemoteWebDriver.java:552)
	at org.openqa.selenium.remote.RemoteWebDriver.startSession(RemoteWebDriver.java:213)
	at org.openqa.selenium.remote.RemoteWebDriver.&lt;init&gt;(RemoteWebDriver.java:131)
	at org.openqa.selenium.chrome.ChromeDriver.&lt;init&gt;(ChromeDriver.java:181)
	at org.openqa.selenium.chrome.ChromeDriver.&lt;init&gt;(ChromeDriver.java:168)
	at org.openqa.selenium.chrome.ChromeDriver.&lt;init&gt;(ChromeDriver.java:123)
	at com.inetbanking.testCases.BaseTest.setup(BaseTest.java:54)
	at sun.reflect.NativeMethodAccessorImpl.invoke0(Native Method)
	at sun.reflect.NativeMethodAccessorImpl.invoke(NativeMethodAccessorImpl.java:62)
	at sun.reflect.DelegatingMethodAccessorImpl.invoke(DelegatingMethodAccessorImpl.java:43)
	at java.lang.reflect.Method.invoke(Method.java:498)
	at org.testng.internal.MethodInvocationHelper.invokeMethod(MethodInvocationHelper.java:124)
	at org.testng.internal.MethodInvocationHelper.invokeMethodConsideringTimeout(MethodInvocationHelper.java:59)
	at org.testng.internal.Invoker.invokeConfigurationMethod(Invoker.java:458)
	at org.testng.internal.Invoker.invokeConfigurations(Invoker.java:222)
	at org.testng.internal.Invoker.invokeMethod(Invoker.java:523)
	at org.testng.internal.Invoker.invokeTestMethod(Invoker.java:719)
	at org.testng.internal.Invoker.invokeTestMethods(Invoker.java:989)
	at org.testng.internal.TestMethodWorker.invokeTestMethods(TestMethodWorker.java:125)
	at org.testng.internal.TestMethodWorker.run(TestMethodWorker.java:109)
	at org.testng.TestRunner.privateRun(TestRunner.java:648)
	at org.testng.TestRunner.run(TestRunner.java:505)
	at org.testng.SuiteRunner.runTest(SuiteRunner.java:455)
	at org.testng.SuiteRunner.runSequentially(SuiteRunner.java:450)
	at org.testng.SuiteRunner.privateRun(SuiteRunner.java:415)
	at org.testng.SuiteRunner.run(SuiteRunner.java:364)
	at org.testng.SuiteRunnerWorker.runSuite(SuiteRunnerWorker.java:52)
	at org.testng.SuiteRunnerWorker.run(SuiteRunnerWorker.java:84)
	at org.testng.TestNG.runSuitesSequentially(TestNG.java:1208)
	at org.testng.TestNG.runSuitesLocally(TestNG.java:1137)
	at org.testng.TestNG.runSuites(TestNG.java:1049)
	at org.testng.TestNG.run(TestNG.java:1017)
	at org.testng.remote.AbstractRemoteTestNG.run(AbstractRemoteTestNG.java:114)
	at org.testng.remote.RemoteTestNG.initAndRun(RemoteTestNG.java:251)
	at org.testng.remote.RemoteTestNG.main(RemoteTestNG.java:77)
</pre></div></td>
<td>0</td>
<td>com.inetbanking.testCases.LoginTest@365185bd</td></tr>
</table><p>
</body>
</html>