<?xml version="1.0" encoding="UTF-8"?>
<!-- Generated by org.testng.reporters.JUnitReportReporter -->
<testsuite skipped="1" hostname="lenovo-PC" name="com.inetbanking.testCases.EditCustomer" tests="2" failures="0" timestamp="22 May 2020 06:11:20 GMT" time="4.899" errors="1">
  <testcase name="editcutomer" time="0.001" classname="com.inetbanking.testCases.EditCustomer">
    <skipped/>
  </testcase> <!-- editcutomer -->
  <testcase name="setup" time="4.898" classname="com.inetbanking.testCases.EditCustomer">
    <error type="org.openqa.selenium.SessionNotCreatedException" message="session not created
from chrome not reachable
  (Session info: chrome=81.0.4044.138)
Build info: version: &#039;3.141.59&#039;, revision: &#039;e82be7d358&#039;, time: &#039;2018-11-14T08:17:03&#039;
System info: host: &#039;LENOVO-PC&#039;, ip: &#039;192.168.1.6&#039;, os.name: &#039;Windows 7&#039;, os.arch: &#039;amd64&#039;, os.version: &#039;6.1&#039;, java.version: &#039;1.8.0_241&#039;
Driver info: driver.version: ChromeDriver
remote stacktrace: Backtrace:
	Ordinal0 [0x01035F73+2449267]
	Ordinal0 [0x00F68361+1606497]
	Ordinal0 [0x00E5F812+522258]
	Ordinal0 [0x00E595B2+497074]
	Ordinal0 [0x00E59C9B+498843]
	Ordinal0 [0x00E5ABF5+502773]
	Ordinal0 [0x00E56724+485156]
	Ordinal0 [0x00E60600+525824]
	Ordinal0 [0x00E0CBB9+183225]
	Ordinal0 [0x00E0BF2D+180013]
	Ordinal0 [0x00E09E5B+171611]
	Ordinal0 [0x00DF1DD8+73176]
	Ordinal0 [0x00DF2E50+77392]
	Ordinal0 [0x00DF2DE9+77289]
	Ordinal0 [0x00F7D8D7+1693911]
	GetHandleVerifier [0x010D4036+522726]
	GetHandleVerifier [0x010D3D74+522020]
	GetHandleVerifier [0x010E9187+609079]
	GetHandleVerifier [0x010D48A6+524886]
	Ordinal0 [0x00F75CBC+1662140]
	Ordinal0 [0x00F7F23B+1700411]
	Ordinal0 [0x00F7F3A3+1700771]
	Ordinal0 [0x00F95215+1790485]
	BaseThreadInitThunk [0x76EC3677+18]
	RtlInitializeExceptionChain [0x77979D72+99]
	RtlInitializeExceptionChain [0x77979D45+54]
">
      <![CDATA[org.openqa.selenium.SessionNotCreatedException: session not created
from chrome not reachable
  (Session info: chrome=81.0.4044.138)
Build info: version: '3.141.59', revision: 'e82be7d358', time: '2018-11-14T08:17:03'
System info: host: 'LENOVO-PC', ip: '192.168.1.6', os.name: 'Windows 7', os.arch: 'amd64', os.version: '6.1', java.version: '1.8.0_241'
Driver info: driver.version: ChromeDriver
remote stacktrace: Backtrace:
Ordinal0 [0x01035F73+2449267]
Ordinal0 [0x00F68361+1606497]
Ordinal0 [0x00E5F812+522258]
Ordinal0 [0x00E595B2+497074]
Ordinal0 [0x00E59C9B+498843]
Ordinal0 [0x00E5ABF5+502773]
Ordinal0 [0x00E56724+485156]
Ordinal0 [0x00E60600+525824]
Ordinal0 [0x00E0CBB9+183225]
Ordinal0 [0x00E0BF2D+180013]
Ordinal0 [0x00E09E5B+171611]
Ordinal0 [0x00DF1DD8+73176]
Ordinal0 [0x00DF2E50+77392]
Ordinal0 [0x00DF2DE9+77289]
Ordinal0 [0x00F7D8D7+1693911]
GetHandleVerifier [0x010D4036+522726]
GetHandleVerifier [0x010D3D74+522020]
GetHandleVerifier [0x010E9187+609079]
GetHandleVerifier [0x010D48A6+524886]
Ordinal0 [0x00F75CBC+1662140]
Ordinal0 [0x00F7F23B+1700411]
Ordinal0 [0x00F7F3A3+1700771]
Ordinal0 [0x00F95215+1790485]
BaseThreadInitThunk [0x76EC3677+18]
RtlInitializeExceptionChain [0x77979D72+99]
RtlInitializeExceptionChain [0x77979D45+54]

at sun.reflect.NativeConstructorAccessorImpl.newInstance0(Native Method)
at sun.reflect.NativeConstructorAccessorImpl.newInstance(NativeConstructorAccessorImpl.java:62)
at sun.reflect.DelegatingConstructorAccessorImpl.newInstance(DelegatingConstructorAccessorImpl.java:45)
at java.lang.reflect.Constructor.newInstance(Constructor.java:423)
at org.openqa.selenium.remote.W3CHandshakeResponse.lambda$errorHandler$0(W3CHandshakeResponse.java:62)
at org.openqa.selenium.remote.HandshakeResponse.lambda$getResponseFunction$0(HandshakeResponse.java:30)
at org.openqa.selenium.remote.ProtocolHandshake.lambda$createSession$0(ProtocolHandshake.java:126)
at java.util.stream.ReferencePipeline$3$1.accept(ReferencePipeline.java:193)
at java.util.Spliterators$ArraySpliterator.tryAdvance(Spliterators.java:958)
at java.util.stream.ReferencePipeline.forEachWithCancel(ReferencePipeline.java:126)
at java.util.stream.AbstractPipeline.copyIntoWithCancel(AbstractPipeline.java:499)
at java.util.stream.AbstractPipeline.copyInto(AbstractPipeline.java:486)
at java.util.stream.AbstractPipeline.wrapAndCopyInto(AbstractPipeline.java:472)
at java.util.stream.FindOps$FindOp.evaluateSequential(FindOps.java:152)
at java.util.stream.AbstractPipeline.evaluate(AbstractPipeline.java:234)
at java.util.stream.ReferencePipeline.findFirst(ReferencePipeline.java:464)
at org.openqa.selenium.remote.ProtocolHandshake.createSession(ProtocolHandshake.java:128)
at org.openqa.selenium.remote.ProtocolHandshake.createSession(ProtocolHandshake.java:74)
at org.openqa.selenium.remote.HttpCommandExecutor.execute(HttpCommandExecutor.java:136)
at org.openqa.selenium.remote.service.DriverCommandExecutor.execute(DriverCommandExecutor.java:83)
at org.openqa.selenium.remote.RemoteWebDriver.execute(RemoteWebDriver.java:552)
at org.openqa.selenium.remote.RemoteWebDriver.startSession(RemoteWebDriver.java:213)
at org.openqa.selenium.remote.RemoteWebDriver.<init>(RemoteWebDriver.java:131)
at org.openqa.selenium.chrome.ChromeDriver.<init>(ChromeDriver.java:181)
at org.openqa.selenium.chrome.ChromeDriver.<init>(ChromeDriver.java:168)
at org.openqa.selenium.chrome.ChromeDriver.<init>(ChromeDriver.java:123)
at com.inetbanking.testCases.BaseTest.setup(BaseTest.java:54)
at sun.reflect.NativeMethodAccessorImpl.invoke0(Native Method)
at sun.reflect.NativeMethodAccessorImpl.invoke(NativeMethodAccessorImpl.java:62)
at sun.reflect.DelegatingMethodAccessorImpl.invoke(DelegatingMethodAccessorImpl.java:43)
at java.lang.reflect.Method.invoke(Method.java:498)
at org.testng.internal.MethodInvocationHelper.invokeMethod(MethodInvocationHelper.java:124)
at org.testng.internal.MethodInvocationHelper.invokeMethodConsideringTimeout(MethodInvocationHelper.java:59)
at org.testng.internal.Invoker.invokeConfigurationMethod(Invoker.java:458)
at org.testng.internal.Invoker.invokeConfigurations(Invoker.java:222)
at org.testng.internal.Invoker.invokeMethod(Invoker.java:523)
at org.testng.internal.Invoker.invokeTestMethod(Invoker.java:719)
at org.testng.internal.Invoker.invokeTestMethods(Invoker.java:989)
at org.testng.internal.TestMethodWorker.invokeTestMethods(TestMethodWorker.java:125)
at org.testng.internal.TestMethodWorker.run(TestMethodWorker.java:109)
at org.testng.TestRunner.privateRun(TestRunner.java:648)
at org.testng.TestRunner.run(TestRunner.java:505)
at org.testng.SuiteRunner.runTest(SuiteRunner.java:455)
at org.testng.SuiteRunner.runSequentially(SuiteRunner.java:450)
at org.testng.SuiteRunner.privateRun(SuiteRunner.java:415)
at org.testng.SuiteRunner.run(SuiteRunner.java:364)
at org.testng.SuiteRunnerWorker.runSuite(SuiteRunnerWorker.java:52)
at org.testng.SuiteRunnerWorker.run(SuiteRunnerWorker.java:84)
at org.testng.TestNG.runSuitesSequentially(TestNG.java:1208)
at org.testng.TestNG.runSuitesLocally(TestNG.java:1137)
at org.testng.TestNG.runSuites(TestNG.java:1049)
at org.testng.TestNG.run(TestNG.java:1017)
at org.testng.remote.AbstractRemoteTestNG.run(AbstractRemoteTestNG.java:114)
at org.testng.remote.RemoteTestNG.initAndRun(RemoteTestNG.java:251)
at org.testng.remote.RemoteTestNG.main(RemoteTestNG.java:77)
]]>
    </error>
  </testcase> <!-- setup -->
</testsuite> <!-- com.inetbanking.testCases.EditCustomer -->
